<?xml version="1.0" encoding="UTF-8"?>
<!-- Generated by org.testng.reporters.JUnitReportReporter -->
<testsuite hostname="DESKTOP-6MMSN4K" failures="0" tests="1" name="regression.TestCase01" time="6.389" errors="0" timestamp="06 Nov 2021 15:49:30 GMT" skipped="0">
  <testcase classname="regression.TestCase01" name="verifyLogin" time="6.389"/>
</testsuite> <!-- regression.TestCase01 -->
