<?xml version="1.0" encoding="UTF-8"?>
<!-- Generated by org.testng.reporters.JUnitReportReporter -->
<testsuite hostname="DESKTOP-6MMSN4K" failures="0" tests="1" name="regression.ZerobankLogin" time="5.426" errors="0" timestamp="23 Oct 2021 15:21:02 GMT" skipped="0">
  <testcase classname="regression.ZerobankLogin" name="verifyLogin" time="5.426"/>
</testsuite> <!-- regression.ZerobankLogin -->
